<?xml version="1.0" encoding="UTF-8"?>
<!-- Generated by org.testng.reporters.JUnitReportReporter -->
<testsuite hostname="JOHN" failures="0" tests="6" name="api.test.DDTests" time="10.859" errors="0" timestamp="08 Jul 2024 07:42:59 GMT" skipped="0">
  <testcase classname="api.test.DDTests" name="testPostUser" time="1.391"/>
  <testcase classname="api.test.DDTests" name="testPostUser" time="1.532"/>
  <testcase classname="api.test.DDTests" name="testPostUser" time="3.650"/>
  <testcase classname="api.test.DDTests" name="testDeleteUserByName" time="1.433"/>
  <testcase classname="api.test.DDTests" name="testDeleteUserByName" time="1.533"/>
  <testcase classname="api.test.DDTests" name="testDeleteUserByName" time="1.320"/>
</testsuite> <!-- api.test.DDTests -->
