<?xml version="1.0" encoding="UTF-8"?>
<!-- Generated by org.testng.reporters.JUnitReportReporter -->
<testsuite hostname="JOHN" failures="0" tests="4" name="api.test.UsersTest" time="24.597" errors="0" timestamp="08 Jul 2024 10:00:50 GMT" skipped="0">
  <testcase classname="api.test.UsersTest" name="testPostUser" time="4.187"/>
  <testcase classname="api.test.UsersTest" name="testGetUserByName" time="2.755"/>
  <testcase classname="api.test.UsersTest" name="testUpdateUserByName" time="8.154"/>
  <testcase classname="api.test.UsersTest" name="testDeleteUserByName" time="9.501"/>
</testsuite> <!-- api.test.UsersTest -->
